<?xml version="1.0" encoding="UTF-8"?>
<!-- Generated by org.testng.reporters.JUnitReportReporter -->
<testsuite hostname="INMUWLAP1619" failures="0" tests="2" name="aspireApp.aspireApp.testAspireProduct" time="10.842" errors="0" timestamp="2022-01-25T11:09:24 IST" skipped="0">
  <testcase classname="aspireApp.aspireApp.testAspireProduct" name="testlogin" time="4.109"/>
  <system-out/>
  <testcase classname="aspireApp.aspireApp.testAspireProduct" name="testProductionCreation" time="6.733"/>
  <system-out/>
</testsuite> <!-- aspireApp.aspireApp.testAspireProduct -->
